<?xml version="1.0" encoding="UTF-8" ?>
<testsuite tests="27" failures="0" name="cucumberOptions.TestRunner" time="0.004" errors="0" skipped="0">
  <properties>
[...]
</properties>
  <testcase classname="Scenario: Home page default login" name="Given User is on NetBanking landing page" time="0.001"/>
  <testcase classname="Scenario: Home page default login" name="When User Login into application with &quot;jin&quot; and &quot;1234&quot;" time="0"/>
  <testcase classname="Scenario: Home page default login" name="Then HomePage is displayed" time="0"/>
  <testcase classname="Scenario: Home page default login" name="And Cards are displayed" time="0"/>
  <testcase classname="Scenario: Home page default login" name="Scenario: Home page default login" time="0"/>
  <testcase classname="Scenario: Home page default login" name="Given User is on NetBanking landing page" time="0"/>
  <testcase classname="Scenario: Home page default login" name="When User Login into application with &quot;john&quot; and &quot;4321&quot;" time="0"/>
  <testcase classname="Scenario: Home page default login" name="Then HomePage is displayed" time="0"/>
  <testcase classname="Scenario: Home page default login" name="And Cards are not displayed" time="0"/>
  <testcase classname="Scenario: Home page default login" name="Scenario: Home page default login" time="0"/>
  <testcase classname="Scenario: DeletePlace" name="Given DeletePlace PayLoad" time="0.001"/>
  <testcase classname="Scenario: DeletePlace" name="When User submits &quot;DeletePlaceAPI&quot; with &quot;post&quot; request" time="0"/>
  <testcase classname="Scenario: DeletePlace" name="Then statuscode is displayed as 200" time="0"/>
  <testcase classname="Scenario: DeletePlace" name="And &quot;status&quot; is &quot;OK&quot;" time="0"/>
  <testcase classname="Scenario: DeletePlace" name="Scenario: DeletePlace" time="0"/>
  <testcase classname="| Gaurav technologies | Dutch | Old Town Road |" name="Given User builds Addplace request &quot;Gaurav technologies&quot; &quot;Dutch&quot; &quot;Old Town Road&quot;" time="0"/>
  <testcase classname="| Gaurav technologies | Dutch | Old Town Road |" name="When User submits &quot;AddPlaceAPI&quot; with &quot;post&quot; request" time="0"/>
  <testcase classname="| Gaurav technologies | Dutch | Old Town Road |" name="Then A new place is created" time="0"/>
  <testcase classname="| Gaurav technologies | Dutch | Old Town Road |" name="And statuscode is displayed as 200" time="0"/>
  <testcase classname="| Gaurav technologies | Dutch | Old Town Road |" name="And verify place_id created has &quot;Gaurav technologies&quot; with &quot;GetPlaceAPI&quot; and &quot;get&quot; request" time="0"/>
  <testcase classname="| Gaurav technologies | Dutch | Old Town Road |" name="| Gaurav technologies | Dutch | Old Town Road |" time="0.001"/>
  <testcase classname="| Himani technologies | Hindi | New Town Road |" name="Given User builds Addplace request &quot;Himani technologies&quot; &quot;Hindi&quot; &quot;New Town Road&quot;" time="0.001"/>
  <testcase classname="| Himani technologies | Hindi | New Town Road |" name="When User submits &quot;AddPlaceAPI&quot; with &quot;post&quot; request" time="0"/>
  <testcase classname="| Himani technologies | Hindi | New Town Road |" name="Then A new place is created" time="0"/>
  <testcase classname="| Himani technologies | Hindi | New Town Road |" name="And statuscode is displayed as 200" time="0"/>
  <testcase classname="| Himani technologies | Hindi | New Town Road |" name="And verify place_id created has &quot;Himani technologies&quot; with &quot;GetPlaceAPI&quot; and &quot;get&quot; request" time="0"/>
  <testcase classname="| Himani technologies | Hindi | New Town Road |" name="| Himani technologies | Hindi | New Town Road |" time="0"/>
</testsuite>